<?xml version="1.0" encoding="UTF-8"?>
<!-- Generated by org.testng.reporters.JUnitXMLReporter -->
<testsuite hostname="Flexagon1008" tests="5" failures="2" timestamp="4 Jan 2023 09:06:46 GMT" time="0.032" errors="0">
  <testcase name="testAdd" time="0.002" classname="FactoryImplTestAdd"/>
  <testcase name="testAdd" time="0.0" classname="FactoryImplTestAdd"/>
  <testcase name="testAdd" time="0.001" classname="FactoryImplTestAdd">
    <failure type="java.lang.AssertionError" message="expected [5] but found [4]">
      <![CDATA[java.lang.AssertionError: expected [5] but found [4]
	at FactoryImplTestAdd.testAdd(FactoryImplTestAdd.java:30)
... Removed 32 stack frames]]>
    </failure>
  </testcase> <!-- testAdd -->
  <testcase name="testSubtract" time="0.001" classname="FactoryImplTestSubtract"/>
  <testcase name="testSubtract" time="0.0" classname="FactoryImplTestSubtract">
    <failure type="java.lang.AssertionError" message="expected [2] but found [3]">
      <![CDATA[java.lang.AssertionError: expected [2] but found [3]
	at FactoryImplTestSubtract.testSubtract(FactoryImplTestSubtract.java:31)
... Removed 32 stack frames]]>
    </failure>
  </testcase> <!-- testSubtract -->
</testsuite>
